[2015-04-27 22:09:26] START
[2015-04-27 22:09:26] CREATE model.py: 0
[2015-04-27 22:09:54] CREATE viewer.py: 0
[2015-04-27 22:12:35] DELETE nikomen/views/viewer.py: 0
[2015-04-27 22:28:00] DELETE nikomen/views/default/index.html: -6
[2015-04-27 22:28:33] CREATE ../../index.html: 0
[2015-04-27 22:29:12] CREATE redirect.html: 0
[2015-04-27 22:32:59] EDIT nikomen/views/redirect.html: 4
[2015-04-27 22:33:33] DELETE nikomen/views/redirect.html: -7
[2015-04-27 22:33:39] CREATE index.html: 0
[2015-04-27 22:33:54] EDIT nikomen/views/index.html: 4
[2015-04-27 22:48:32] EDIT nikomen/views/index.html: -6
[2015-04-27 22:49:20] DELETE nikomen/views/index.html: -1
[2015-04-27 22:49:27] CREATE hello.html: 0
[2015-04-27 22:49:47] DELETE nikomen/views/hello.html: -3
[2015-04-27 22:50:51] CREATE index.html: 0
[2015-04-27 22:52:04] EDIT nikomen/views/index.html: 6
[2015-04-27 22:52:31] DELETE nikomen/views/index.html: -9
[2015-04-27 22:52:40] CREATE hello/index.html: 0
[2015-04-27 22:52:57] DELETE nikomen/views/hello/index.html: -3
[2015-04-27 22:53:04] CREATE index.html: 0
[2015-04-27 22:53:41] CREATE layout.html: 0
[2015-04-27 22:54:14] EDIT nikomen/views/layout.html: 3
[2015-04-27 22:54:58] DELETE nikomen/views/layout.html: -6
[2015-04-27 22:55:06] EDIT nikomen/views/index.html: 4
[2015-04-27 22:55:08] EDIT nikomen/views/index.html: 0
[2015-04-27 22:56:57] CREATE index.html: 0
[2015-04-27 22:57:38] CREATE default/index.html: 0
[2015-04-27 22:58:34] EDIT nikomen/views/default/index.html: 3
[2015-04-27 22:59:40] EDIT nikomen/views/default/index.html: 0
[2015-04-27 23:03:30] EDIT nikomen/views/default/index.html: 0
[2015-04-27 23:03:59] EDIT nikomen/views/default/index.html: 0
