timestamp: 2015-04-28T00:00:36.379459
CREATE TABLE register(
    id INTEGER PRIMARY KEY AUTOINCREMENT,
    username CHAR(512),
    password CHAR(512)
);
success!
timestamp: 2015-04-28T04:20:45.997391
CREATE TABLE login(
    id INTEGER PRIMARY KEY AUTOINCREMENT,
    username CHAR(512),
    password CHAR(512)
);
success!
timestamp: 2015-04-28T04:42:23.714172
ALTER TABLE register ADD fname CHAR(512);
timestamp: 2015-04-28T04:42:23.731305
ALTER TABLE register ADD lastname CHAR(512);
timestamp: 2015-04-28T04:42:23.732834
ALTER TABLE register ADD empswd CHAR(512);
timestamp: 2015-04-28T04:42:23.734288
ALTER TABLE register ADD repswd CHAR(512);
timestamp: 2015-04-28T04:42:23.735751
ALTER TABLE register ADD secans CHAR(512);
timestamp: 2015-04-28T04:42:23.737460
ALTER TABLE register ADD secques CHAR(512);
timestamp: 2015-04-28T04:42:23.740125
ALTER TABLE register ADD recemail CHAR(512);
timestamp: 2015-04-28T04:42:23.741825
ALTER TABLE register ADD pswd CHAR(512);
timestamp: 2015-04-28T04:42:23.743412
ALTER TABLE register ADD email CHAR(512);
success!
success!
success!
success!
success!
success!
success!
success!
success!
success!
success!
success!
success!
success!
success!
success!
success!
success!
success!
success!
success!
success!
success!
success!
success!
success!
success!
success!
success!
success!
success!
success!
success!
success!
success!
success!
success!
success!
success!
success!
success!
success!
success!
success!
success!
success!
success!
success!
success!
success!
success!
success!
success!
success!
success!
success!
success!
success!
success!
success!
success!
success!
success!
success!
success!
success!
success!
success!
success!
success!
success!
success!
success!
success!
success!
success!
success!
success!
success!
success!
success!
success!
success!
success!
success!
success!
success!
success!
success!
success!
success!
success!
success!
success!
success!
success!
success!
success!
success!
success!
success!
success!
success!
success!
success!
success!
success!
success!
success!
success!
success!
success!
success!
success!
success!
success!
success!
success!
success!
success!
success!
success!
success!
success!
success!
success!
success!
success!
success!
success!
success!
success!
success!
success!
success!
success!
success!
success!
success!
success!
success!
success!
success!
success!
success!
success!
success!
success!
success!
success!
success!
success!
success!
success!
success!
success!
success!
success!
success!
success!
success!
success!
success!
success!
success!
success!
success!
success!
success!
success!
success!
success!
success!
success!
success!
success!
success!
success!
success!
success!
success!
success!
success!
success!
success!
success!
success!
success!
success!
success!
success!
success!
success!
success!
success!
success!
success!
success!
success!
success!
success!
success!
success!
success!
success!
success!
success!
success!
success!
success!
success!
success!
success!
success!
success!
success!
success!
success!
success!
success!
success!
success!
success!
success!
success!
success!
success!
success!
success!
success!
success!
success!
success!
success!
success!
success!
success!
success!
success!
success!
success!
success!
success!
success!
success!
success!
success!
success!
success!
success!
success!
success!
success!
success!
success!
success!
success!
success!
success!
success!
success!
success!
success!
success!
success!
success!
success!
success!
success!
success!
success!
success!
success!
success!
success!
success!
success!
success!
success!
success!
success!
success!
success!
success!
success!
success!
success!
success!
success!
success!
success!
success!
success!
success!
success!
success!
success!
success!
success!
success!
success!
success!
success!
success!
success!
success!
success!
success!
success!
success!
success!
success!
success!
success!
success!
success!
success!
success!
success!
success!
success!
success!
success!
success!
success!
success!
success!
success!
success!
success!
success!
success!
success!
success!
success!
success!
success!
success!
success!
success!
success!
success!
success!
success!
success!
success!
success!
success!
success!
success!
success!
success!
success!
success!
success!
success!
timestamp: 2015-04-28T14:20:06.015000
CREATE TABLE auth_user(
    id INTEGER PRIMARY KEY AUTOINCREMENT,
    first_name CHAR(128),
    last_name CHAR(128),
    email CHAR(512),
    username CHAR(128),
    password CHAR(512),
    registration_key CHAR(512),
    reset_password_key CHAR(512),
    registration_id CHAR(512)
);
success!
timestamp: 2015-04-28T14:20:06.205000
CREATE TABLE auth_group(
    id INTEGER PRIMARY KEY AUTOINCREMENT,
    role CHAR(512),
    description TEXT
);
success!
timestamp: 2015-04-28T14:20:06.328000
CREATE TABLE auth_membership(
    id INTEGER PRIMARY KEY AUTOINCREMENT,
    user_id INTEGER REFERENCES auth_user (id) ON DELETE CASCADE,
    group_id INTEGER REFERENCES auth_group (id) ON DELETE CASCADE
);
success!
timestamp: 2015-04-28T14:20:06.472000
CREATE TABLE auth_permission(
    id INTEGER PRIMARY KEY AUTOINCREMENT,
    group_id INTEGER REFERENCES auth_group (id) ON DELETE CASCADE,
    name CHAR(512),
    table_name CHAR(512),
    record_id INTEGER
);
success!
timestamp: 2015-04-28T14:20:06.869000
CREATE TABLE auth_event(
    id INTEGER PRIMARY KEY AUTOINCREMENT,
    time_stamp TIMESTAMP,
    client_ip CHAR(512),
    user_id INTEGER REFERENCES auth_user (id) ON DELETE CASCADE,
    origin CHAR(512),
    description TEXT
);
success!
timestamp: 2015-04-28T14:20:07.120000
CREATE TABLE auth_cas(
    id INTEGER PRIMARY KEY AUTOINCREMENT,
    user_id INTEGER REFERENCES auth_user (id) ON DELETE CASCADE,
    created_on TIMESTAMP,
    service CHAR(512),
    ticket CHAR(512),
    renew CHAR(1)
);
success!
success!
success!
success!
success!
success!
success!
success!
success!
success!
success!
success!
success!
success!
success!
success!
success!
success!
success!
success!
success!
success!
success!
success!
success!
success!
success!
success!
success!
success!
success!
success!
success!
success!
success!
success!
success!
success!
success!
success!
success!
success!
success!
success!
success!
success!
success!
success!
success!
success!
success!
success!
success!
success!
success!
success!
success!
success!
success!
success!
success!
success!
success!
success!
success!
success!
success!
success!
success!
success!
success!
success!
success!
success!
success!
success!
success!
success!
success!
success!
success!
success!
success!
success!
success!
success!
success!
success!
success!
success!
success!
success!
success!
success!
success!
success!
success!
success!
success!
success!
success!
success!
success!
success!
success!
success!
success!
success!
success!
success!
success!
success!
success!
success!
success!
success!
success!
success!
timestamp: 2015-04-28T14:49:41.563000
CREATE TABLE users(
    id INTEGER PRIMARY KEY AUTOINCREMENT,
    username CHAR(512),
    password CHAR(512)
);
success!
success!
success!
success!
success!
success!
success!
success!
success!
success!
success!
success!
success!
success!
success!
success!
timestamp: 2015-04-28T15:09:50.448000
ALTER TABLE register ADD last name CHAR(512);
timestamp: 2015-04-28T15:09:50.517000
ALTER TABLE register ADD first name CHAR(512);
timestamp: 2015-04-28T15:09:50.616000
ALTER TABLE register ADD re-password CHAR(512);
timestamp: 2015-04-28T15:11:06.893000
ALTER TABLE register ADD recovery email CHAR(512);
timestamp: 2015-04-28T15:11:06.963000
ALTER TABLE register ADD email password CHAR(512);
timestamp: 2015-04-28T15:11:12.145000
ALTER TABLE register ADD recovery email CHAR(512);
success!
success!
success!
success!
success!
success!
success!
success!
success!
success!
success!
success!
success!
success!
success!
success!
success!
success!
success!
success!
success!
success!
success!
success!
success!
success!
success!
success!
success!
success!
success!
success!
success!
success!
success!
timestamp: 2015-04-28T15:31:58.417000
ALTER TABLE register ADD lname CHAR(512);
success!
success!
success!
success!
timestamp: 2015-04-28T15:36:33.437000
CREATE TABLE users(
    id INTEGER PRIMARY KEY AUTOINCREMENT,
    username CHAR(512),
    password CHAR(512)
);
timestamp: 2015-04-28T15:36:42.433000
CREATE TABLE users(
    id INTEGER PRIMARY KEY AUTOINCREMENT,
    username CHAR(512),
    password CHAR(512)
);
timestamp: 2015-04-28T15:37:23.928000
CREATE TABLE users(
    id INTEGER PRIMARY KEY AUTOINCREMENT,
    username CHAR(512),
    password CHAR(512)
);
timestamp: 2015-04-28T15:37:41.469000
CREATE TABLE users(
    id INTEGER PRIMARY KEY AUTOINCREMENT,
    username CHAR(512),
    password CHAR(512)
);
timestamp: 2015-04-28T15:38:32.566000
CREATE TABLE users(
    id INTEGER PRIMARY KEY AUTOINCREMENT,
    username CHAR(512),
    password CHAR(512)
);
timestamp: 2015-04-28T15:39:13.058000
CREATE TABLE user(
    id INTEGER PRIMARY KEY AUTOINCREMENT,
    username CHAR(512),
    password CHAR(512)
);
success!
timestamp: 2015-04-28T15:39:13.126000
CREATE TABLE register(
    id INTEGER PRIMARY KEY AUTOINCREMENT,
    fname CHAR(512),
    lname CHAR(512),
    username CHAR(512),
    pswd CHAR(512),
    repswd CHAR(512),
    email CHAR(512),
    empswd CHAR(512),
    recemail CHAR(512),
    secQues CHAR(512),
    secAns CHAR(512)
);
timestamp: 2015-04-28T15:40:25.689000
CREATE TABLE create_account(
    id INTEGER PRIMARY KEY AUTOINCREMENT,
    fname CHAR(512),
    lname CHAR(512),
    username CHAR(512),
    pswd CHAR(512),
    repswd CHAR(512),
    email CHAR(512),
    empswd CHAR(512),
    recemail CHAR(512),
    secQues CHAR(512),
    secAns CHAR(512)
);
success!
timestamp: 2015-04-28T15:40:25.790000
CREATE TABLE auth_user(
    id INTEGER PRIMARY KEY AUTOINCREMENT,
    first_name CHAR(128),
    last_name CHAR(128),
    email CHAR(512),
    username CHAR(128),
    password CHAR(512),
    registration_key CHAR(512),
    reset_password_key CHAR(512),
    registration_id CHAR(512)
);
timestamp: 2015-04-28T15:40:28.698000
CREATE TABLE auth_user(
    id INTEGER PRIMARY KEY AUTOINCREMENT,
    first_name CHAR(128),
    last_name CHAR(128),
    email CHAR(512),
    username CHAR(128),
    password CHAR(512),
    registration_key CHAR(512),
    reset_password_key CHAR(512),
    registration_id CHAR(512)
);
timestamp: 2015-04-28T15:41:26.506000
CREATE TABLE user(
    id INTEGER PRIMARY KEY AUTOINCREMENT,
    username CHAR(512),
    password CHAR(512)
);
timestamp: 2015-04-28T15:43:28.159000
CREATE TABLE user(
    id INTEGER PRIMARY KEY AUTOINCREMENT,
    username CHAR(512),
    password CHAR(512)
);
timestamp: 2015-04-28T15:44:49.099000
CREATE TABLE user(
    id INTEGER PRIMARY KEY AUTOINCREMENT,
    username CHAR(512),
    password CHAR(512)
);
timestamp: 2015-04-28T15:45:45.311000
CREATE TABLE user(
    id INTEGER PRIMARY KEY AUTOINCREMENT,
    username CHAR(512),
    password CHAR(512)
);
timestamp: 2015-04-28T15:46:47.913000
CREATE TABLE login(
    id INTEGER PRIMARY KEY AUTOINCREMENT,
    username CHAR(512),
    password CHAR(512)
);
